\BOOKMARK [1][-]{section.1}{\376\377\000I\000n\000t\000r\000o\000d\000u\000c\000t\000i\000o\000n}{}% 1
\BOOKMARK [1][-]{section.2}{\376\377\000R\000e\000l\000a\000t\000e\000d\000\040\000W\000o\000r\000k\000\040\000a\000n\000d\000\040\000R\000i\000s\000k\000\040\000L\000a\000n\000d\000s\000c\000a\000p\000e}{}% 2
\BOOKMARK [1][-]{section.3}{\376\377\000T\000h\000r\000e\000a\000t\000\040\000M\000o\000d\000e\000l}{}% 3
\BOOKMARK [1][-]{section.4}{\376\377\000H\000a\000r\000d\000e\000n\000e\000d\000\040\000P\000N\000M\000\040\000A\000r\000c\000h\000i\000t\000e\000c\000t\000u\000r\000e}{}% 4
\BOOKMARK [2][-]{subsection.4.1}{\376\377\000P\000a\000r\000i\000t\000y\000\040\000n\000o\000d\000e\000s\000\040\000\050\000t\000r\000a\000n\000s\000p\000a\000r\000e\000n\000t\000\040\000t\000a\000g\000s\000\051}{section.4}% 5
\BOOKMARK [2][-]{subsection.4.2}{\376\377\000O\000v\000e\000r\000l\000a\000p\000\040\000p\000l\000a\000c\000e\000m\000e\000n\000t\000:\000\040\000t\000a\000r\000g\000e\000t\000i\000n\000g\000\040\000l\000e\000v\000e\000r\000a\000g\000e\000\040\000w\000h\000i\000l\000e\000\040\000p\000r\000e\000s\000e\000r\000v\000i\000n\000g\000\040\000r\000a\000n\000d\000o\000m\000n\000e\000s\000s}{section.4}% 6
\BOOKMARK [2][-]{subsection.4.3}{\376\377\000H\000M\000A\000C\000-\000a\000n\000c\000h\000o\000r\000e\000d\000\040\000m\000a\000s\000t\000e\000r\000\040\000v\000e\000r\000i\000f\000i\000c\000a\000t\000i\000o\000n}{section.4}% 7
\BOOKMARK [2][-]{subsection.4.4}{\376\377\000F\000i\000x\000e\000d\000\040\000d\000u\000a\000l\000-\000m\000a\000s\000t\000e\000r\000\040\000f\000a\000s\000t\000\040\000c\000h\000e\000c\000k}{section.4}% 8
\BOOKMARK [2][-]{subsection.4.5}{\376\377\000B\000e\000h\000a\000v\000i\000o\000r\000a\000l\000\040\000c\000a\000n\000a\000r\000y\000\040\000p\000r\000o\000b\000e\000s}{section.4}% 9
\BOOKMARK [2][-]{subsection.4.6}{\376\377\000S\000e\000r\000i\000a\000l\000i\000z\000a\000t\000i\000o\000n\000\040\000a\000n\000d\000\040\000p\000u\000b\000l\000i\000c\000a\000t\000i\000o\000n}{section.4}% 10
\BOOKMARK [1][-]{section.5}{\376\377\000D\000e\000t\000e\000c\000t\000i\000o\000n\000\040\000P\000r\000o\000b\000a\000b\000i\000l\000i\000t\000y\000\040\000a\000n\000d\000\040\000O\000v\000e\000r\000h\000e\000a\000d}{}% 11
\BOOKMARK [1][-]{section.6}{\376\377\000E\000v\000a\000l\000u\000a\000t\000i\000o\000n}{}% 12
\BOOKMARK [2][-]{subsection.6.1}{\376\377\000S\000e\000t\000u\000p}{section.6}% 13
\BOOKMARK [2][-]{subsection.6.2}{\376\377\000A\000t\000t\000a\000c\000k\000s}{section.6}% 14
\BOOKMARK [2][-]{subsection.6.3}{\376\377\000R\000e\000s\000u\000l\000t\000s}{section.6}% 15
\BOOKMARK [1][-]{section.7}{\376\377\000S\000e\000c\000u\000r\000i\000t\000y\000\040\000A\000n\000a\000l\000y\000s\000i\000s\000\040\000a\000n\000d\000\040\000R\000e\000s\000i\000d\000u\000a\000l\000\040\000R\000i\000s\000k\000s}{}% 16
\BOOKMARK [1][-]{section.8}{\376\377\000D\000e\000p\000l\000o\000y\000m\000e\000n\000t\000\040\000G\000u\000i\000d\000a\000n\000c\000e}{}% 17
\BOOKMARK [1][-]{section.9}{\376\377\000L\000i\000m\000i\000t\000a\000t\000i\000o\000n\000s\000\040\000a\000n\000d\000\040\000F\000u\000t\000u\000r\000e\000\040\000W\000o\000r\000k}{}% 18
\BOOKMARK [1][-]{section.10}{\376\377\000C\000o\000n\000c\000l\000u\000s\000i\000o\000n}{}% 19
\BOOKMARK [1][-]{appendix.A}{\376\377\000A\000p\000p\000e\000n\000d\000i\000x\000:\000\040\000V\000e\000r\000i\000f\000i\000e\000r\000\040\000S\000k\000e\000t\000c\000h}{}% 20
